2025-04-12 22:02:38,800 - PerplexitySASTAnalyzer - INFO - Found 1149 code files to analyze.
2025-04-12 22:02:38,803 - PerplexitySASTAnalyzer - INFO - Grouped files into 288 batches for analysis.
2025-04-12 22:02:38,804 - PerplexitySASTAnalyzer - INFO - Analyzing batch 1/288 (4 files)...
2025-04-12 22:02:45,032 - PerplexitySASTAnalyzer - INFO - Analyzing batch 2/288 (4 files)...
2025-04-12 22:02:50,699 - PerplexitySASTAnalyzer - INFO - Analyzing batch 3/288 (4 files)...
2025-04-12 22:02:57,016 - PerplexitySASTAnalyzer - INFO - Analyzing batch 4/288 (4 files)...
2025-04-12 22:03:13,044 - PerplexitySASTAnalyzer - INFO - Analyzing batch 5/288 (4 files)...
2025-04-12 22:03:29,011 - PerplexitySASTAnalyzer - INFO - Analyzing batch 6/288 (4 files)...
2025-04-12 22:03:44,225 - PerplexitySASTAnalyzer - INFO - Analyzing batch 7/288 (4 files)...
2025-04-12 22:03:57,064 - PerplexitySASTAnalyzer - INFO - Analyzing batch 8/288 (4 files)...
2025-04-12 22:04:04,281 - PerplexitySASTAnalyzer - INFO - Analyzing batch 9/288 (4 files)...
2025-04-12 22:04:10,966 - PerplexitySASTAnalyzer - INFO - Analyzing batch 10/288 (4 files)...
2025-04-12 22:04:16,476 - PerplexitySASTAnalyzer - INFO - Analyzing batch 11/288 (4 files)...
2025-04-12 22:04:24,353 - PerplexitySASTAnalyzer - INFO - Analyzing batch 12/288 (4 files)...
2025-04-12 22:04:31,505 - PerplexitySASTAnalyzer - INFO - Analyzing batch 13/288 (4 files)...
2025-04-12 22:04:37,165 - PerplexitySASTAnalyzer - INFO - Analyzing batch 14/288 (4 files)...
2025-04-12 22:04:46,599 - PerplexitySASTAnalyzer - INFO - Analyzing batch 15/288 (4 files)...
2025-04-12 22:04:53,273 - PerplexitySASTAnalyzer - INFO - Analyzing batch 16/288 (4 files)...
2025-04-12 22:05:10,009 - PerplexitySASTAnalyzer - INFO - Analyzing batch 17/288 (4 files)...
2025-04-12 22:05:19,153 - PerplexitySASTAnalyzer - INFO - Analyzing batch 18/288 (4 files)...
2025-04-12 22:05:38,136 - PerplexitySASTAnalyzer - INFO - Analyzing batch 19/288 (4 files)...
2025-04-12 22:06:03,789 - PerplexitySASTAnalyzer - INFO - Analyzing batch 20/288 (4 files)...
2025-04-12 22:06:20,383 - PerplexitySASTAnalyzer - INFO - Analyzing batch 21/288 (4 files)...
2025-04-12 22:06:26,769 - PerplexitySASTAnalyzer - INFO - Analyzing batch 22/288 (4 files)...
2025-04-12 22:06:37,632 - PerplexitySASTAnalyzer - INFO - Analyzing batch 23/288 (4 files)...
2025-04-12 22:06:55,940 - PerplexitySASTAnalyzer - INFO - Analyzing batch 24/288 (4 files)...
2025-04-12 22:07:02,342 - PerplexitySASTAnalyzer - INFO - Analyzing batch 25/288 (4 files)...
2025-04-12 22:07:12,905 - PerplexitySASTAnalyzer - INFO - Analyzing batch 26/288 (4 files)...
2025-04-12 22:07:26,845 - PerplexitySASTAnalyzer - INFO - Analyzing batch 27/288 (4 files)...
2025-04-12 22:07:44,795 - PerplexitySASTAnalyzer - INFO - Analyzing batch 28/288 (4 files)...
2025-04-12 22:08:00,342 - PerplexitySASTAnalyzer - INFO - Analyzing batch 29/288 (4 files)...
2025-04-12 22:08:16,653 - PerplexitySASTAnalyzer - INFO - Analyzing batch 30/288 (4 files)...
2025-04-12 22:08:23,188 - PerplexitySASTAnalyzer - INFO - Analyzing batch 31/288 (4 files)...
2025-04-12 22:08:30,470 - PerplexitySASTAnalyzer - INFO - Analyzing batch 32/288 (4 files)...
2025-04-12 22:08:37,892 - PerplexitySASTAnalyzer - INFO - Analyzing batch 33/288 (4 files)...
2025-04-12 22:08:44,822 - PerplexitySASTAnalyzer - INFO - Analyzing batch 34/288 (4 files)...
2025-04-12 22:08:53,526 - PerplexitySASTAnalyzer - INFO - Analyzing batch 35/288 (4 files)...
2025-04-12 22:09:02,004 - PerplexitySASTAnalyzer - INFO - Analyzing batch 36/288 (4 files)...
2025-04-12 22:09:07,913 - PerplexitySASTAnalyzer - INFO - Analyzing batch 37/288 (4 files)...
2025-04-12 22:09:14,669 - PerplexitySASTAnalyzer - INFO - Analyzing batch 38/288 (4 files)...
2025-04-12 22:09:20,598 - PerplexitySASTAnalyzer - INFO - Analyzing batch 39/288 (4 files)...
2025-04-12 22:09:28,343 - PerplexitySASTAnalyzer - INFO - Analyzing batch 40/288 (4 files)...
2025-04-12 22:09:34,878 - PerplexitySASTAnalyzer - INFO - Analyzing batch 41/288 (4 files)...
2025-04-12 22:09:41,193 - PerplexitySASTAnalyzer - INFO - Analyzing batch 42/288 (4 files)...
2025-04-12 22:09:50,174 - PerplexitySASTAnalyzer - INFO - Analyzing batch 43/288 (4 files)...
2025-04-12 22:10:00,203 - PerplexitySASTAnalyzer - INFO - Analyzing batch 44/288 (4 files)...
2025-04-12 22:10:14,638 - PerplexitySASTAnalyzer - INFO - Analyzing batch 45/288 (4 files)...
2025-04-12 22:10:32,916 - PerplexitySASTAnalyzer - INFO - Analyzing batch 46/288 (4 files)...
2025-04-12 22:10:53,188 - PerplexitySASTAnalyzer - INFO - Analyzing batch 47/288 (4 files)...
2025-04-12 22:11:04,891 - PerplexitySASTAnalyzer - INFO - Analyzing batch 48/288 (4 files)...
2025-04-12 22:11:16,986 - PerplexitySASTAnalyzer - INFO - Analyzing batch 49/288 (4 files)...
2025-04-12 22:11:23,197 - PerplexitySASTAnalyzer - INFO - Analyzing batch 50/288 (4 files)...
2025-04-12 22:11:29,621 - PerplexitySASTAnalyzer - INFO - Analyzing batch 51/288 (4 files)...
2025-04-12 22:11:36,651 - PerplexitySASTAnalyzer - INFO - Analyzing batch 52/288 (4 files)...
2025-04-12 22:11:50,631 - PerplexitySASTAnalyzer - INFO - Analyzing batch 53/288 (4 files)...
2025-04-12 22:11:59,636 - PerplexitySASTAnalyzer - INFO - Analyzing batch 54/288 (4 files)...
2025-04-12 22:12:20,714 - PerplexitySASTAnalyzer - INFO - Analyzing batch 55/288 (4 files)...
2025-04-12 22:12:28,937 - PerplexitySASTAnalyzer - INFO - Analyzing batch 56/288 (4 files)...
2025-04-12 22:12:36,015 - PerplexitySASTAnalyzer - INFO - Analyzing batch 57/288 (4 files)...
2025-04-12 22:12:42,292 - PerplexitySASTAnalyzer - INFO - Analyzing batch 58/288 (4 files)...
2025-04-12 22:12:53,961 - PerplexitySASTAnalyzer - INFO - Analyzing batch 59/288 (4 files)...
2025-04-12 22:13:08,732 - PerplexitySASTAnalyzer - INFO - Analyzing batch 60/288 (4 files)...
2025-04-12 22:13:16,314 - PerplexitySASTAnalyzer - INFO - Analyzing batch 61/288 (4 files)...
2025-04-12 22:13:27,576 - PerplexitySASTAnalyzer - INFO - Analyzing batch 62/288 (4 files)...
2025-04-12 22:13:34,699 - PerplexitySASTAnalyzer - INFO - Analyzing batch 63/288 (4 files)...
2025-04-12 22:13:47,060 - PerplexitySASTAnalyzer - INFO - Analyzing batch 64/288 (4 files)...
2025-04-12 22:13:53,382 - PerplexitySASTAnalyzer - INFO - Analyzing batch 65/288 (4 files)...
2025-04-12 22:13:59,558 - PerplexitySASTAnalyzer - INFO - Analyzing batch 66/288 (4 files)...
2025-04-12 22:14:13,253 - PerplexitySASTAnalyzer - INFO - Analyzing batch 67/288 (4 files)...
2025-04-12 22:14:31,319 - PerplexitySASTAnalyzer - INFO - Analyzing batch 68/288 (4 files)...
2025-04-12 22:14:42,304 - PerplexitySASTAnalyzer - INFO - Analyzing batch 69/288 (4 files)...
2025-04-12 22:14:49,418 - PerplexitySASTAnalyzer - INFO - Analyzing batch 70/288 (4 files)...
2025-04-12 22:14:56,234 - PerplexitySASTAnalyzer - INFO - Analyzing batch 71/288 (4 files)...
2025-04-12 22:15:12,140 - PerplexitySASTAnalyzer - INFO - Analyzing batch 72/288 (4 files)...
2025-04-12 22:15:18,586 - PerplexitySASTAnalyzer - INFO - Analyzing batch 73/288 (4 files)...
2025-04-12 22:15:33,315 - PerplexitySASTAnalyzer - INFO - Analyzing batch 74/288 (4 files)...
2025-04-12 22:15:41,191 - PerplexitySASTAnalyzer - INFO - Analyzing batch 75/288 (4 files)...
2025-04-12 22:15:55,895 - PerplexitySASTAnalyzer - INFO - Analyzing batch 76/288 (4 files)...
2025-04-12 22:16:02,473 - PerplexitySASTAnalyzer - INFO - Analyzing batch 77/288 (4 files)...
2025-04-12 22:16:34,851 - PerplexitySASTAnalyzer - INFO - Analyzing batch 78/288 (4 files)...
2025-04-12 22:16:40,771 - PerplexitySASTAnalyzer - INFO - Analyzing batch 79/288 (4 files)...
2025-04-12 22:16:49,236 - PerplexitySASTAnalyzer - INFO - Analyzing batch 80/288 (4 files)...
2025-04-12 22:16:55,354 - PerplexitySASTAnalyzer - INFO - Analyzing batch 81/288 (4 files)...
2025-04-12 22:17:08,798 - PerplexitySASTAnalyzer - INFO - Analyzing batch 82/288 (4 files)...
2025-04-12 22:17:17,437 - PerplexitySASTAnalyzer - INFO - Analyzing batch 83/288 (4 files)...
2025-04-12 22:17:24,647 - PerplexitySASTAnalyzer - INFO - Analyzing batch 84/288 (4 files)...
2025-04-12 22:17:32,070 - PerplexitySASTAnalyzer - INFO - Analyzing batch 85/288 (4 files)...
2025-04-12 22:17:41,898 - PerplexitySASTAnalyzer - INFO - Analyzing batch 86/288 (4 files)...
2025-04-12 22:17:49,076 - PerplexitySASTAnalyzer - INFO - Analyzing batch 87/288 (4 files)...
2025-04-12 22:17:56,946 - PerplexitySASTAnalyzer - INFO - Analyzing batch 88/288 (4 files)...
2025-04-12 22:18:03,774 - PerplexitySASTAnalyzer - INFO - Analyzing batch 89/288 (4 files)...
2025-04-12 22:18:09,765 - PerplexitySASTAnalyzer - INFO - Analyzing batch 90/288 (4 files)...
2025-04-12 22:18:17,095 - PerplexitySASTAnalyzer - INFO - Analyzing batch 91/288 (4 files)...
2025-04-12 22:18:23,778 - PerplexitySASTAnalyzer - INFO - Analyzing batch 92/288 (4 files)...
2025-04-12 22:18:45,263 - PerplexitySASTAnalyzer - INFO - Analyzing batch 93/288 (4 files)...
2025-04-12 22:18:50,994 - PerplexitySASTAnalyzer - INFO - Analyzing batch 94/288 (4 files)...
2025-04-12 22:18:58,629 - PerplexitySASTAnalyzer - INFO - Analyzing batch 95/288 (4 files)...
2025-04-12 22:19:04,824 - PerplexitySASTAnalyzer - INFO - Analyzing batch 96/288 (4 files)...
2025-04-12 22:19:10,808 - PerplexitySASTAnalyzer - INFO - Analyzing batch 97/288 (4 files)...
2025-04-12 22:19:18,553 - PerplexitySASTAnalyzer - INFO - Analyzing batch 98/288 (4 files)...
2025-04-12 22:19:24,310 - PerplexitySASTAnalyzer - INFO - Analyzing batch 99/288 (4 files)...
2025-04-12 22:19:32,703 - PerplexitySASTAnalyzer - INFO - Analyzing batch 100/288 (4 files)...
2025-04-12 22:19:42,326 - PerplexitySASTAnalyzer - INFO - Analyzing batch 101/288 (4 files)...
2025-04-12 22:19:49,488 - PerplexitySASTAnalyzer - INFO - Analyzing batch 102/288 (4 files)...
2025-04-12 22:19:56,674 - PerplexitySASTAnalyzer - INFO - Analyzing batch 103/288 (4 files)...
2025-04-12 22:20:07,476 - PerplexitySASTAnalyzer - INFO - Analyzing batch 104/288 (4 files)...
2025-04-12 22:20:13,864 - PerplexitySASTAnalyzer - INFO - Analyzing batch 105/288 (4 files)...
2025-04-12 22:20:23,035 - PerplexitySASTAnalyzer - INFO - Analyzing batch 106/288 (4 files)...
2025-04-12 22:20:30,246 - PerplexitySASTAnalyzer - INFO - Analyzing batch 107/288 (4 files)...
2025-04-12 22:20:53,084 - PerplexitySASTAnalyzer - INFO - Analyzing batch 108/288 (4 files)...
2025-04-12 22:21:02,530 - PerplexitySASTAnalyzer - INFO - Analyzing batch 109/288 (4 files)...
2025-04-12 22:21:14,157 - PerplexitySASTAnalyzer - INFO - Analyzing batch 110/288 (4 files)...
2025-04-12 22:21:32,629 - PerplexitySASTAnalyzer - INFO - Analyzing batch 111/288 (4 files)...
2025-04-12 22:21:43,341 - PerplexitySASTAnalyzer - INFO - Analyzing batch 112/288 (4 files)...
2025-04-12 22:21:53,922 - PerplexitySASTAnalyzer - INFO - Analyzing batch 113/288 (4 files)...
2025-04-12 22:22:01,441 - PerplexitySASTAnalyzer - INFO - Analyzing batch 114/288 (4 files)...
2025-04-12 22:22:08,067 - PerplexitySASTAnalyzer - INFO - Analyzing batch 115/288 (4 files)...
2025-04-12 22:22:20,664 - PerplexitySASTAnalyzer - INFO - Analyzing batch 116/288 (4 files)...
2025-04-12 22:22:40,104 - PerplexitySASTAnalyzer - INFO - Analyzing batch 117/288 (4 files)...
2025-04-12 22:22:52,532 - PerplexitySASTAnalyzer - INFO - Analyzing batch 118/288 (4 files)...
2025-04-12 22:23:11,458 - PerplexitySASTAnalyzer - INFO - Analyzing batch 119/288 (4 files)...
2025-04-12 22:23:29,128 - PerplexitySASTAnalyzer - INFO - Analyzing batch 120/288 (4 files)...
2025-04-12 22:23:49,236 - PerplexitySASTAnalyzer - INFO - Analyzing batch 121/288 (4 files)...
2025-04-12 22:23:54,846 - PerplexitySASTAnalyzer - INFO - Analyzing batch 122/288 (4 files)...
2025-04-12 22:24:11,540 - PerplexitySASTAnalyzer - INFO - Analyzing batch 123/288 (4 files)...
2025-04-12 22:24:28,087 - PerplexitySASTAnalyzer - INFO - Analyzing batch 124/288 (4 files)...
2025-04-12 22:24:46,082 - PerplexitySASTAnalyzer - INFO - Analyzing batch 125/288 (4 files)...
2025-04-12 22:24:57,007 - PerplexitySASTAnalyzer - INFO - Analyzing batch 126/288 (4 files)...
2025-04-12 22:25:08,185 - PerplexitySASTAnalyzer - INFO - Analyzing batch 127/288 (4 files)...
2025-04-12 22:25:18,541 - PerplexitySASTAnalyzer - INFO - Analyzing batch 128/288 (4 files)...
2025-04-12 22:25:30,135 - PerplexitySASTAnalyzer - INFO - Analyzing batch 129/288 (4 files)...
2025-04-12 22:25:49,773 - PerplexitySASTAnalyzer - INFO - Analyzing batch 130/288 (4 files)...
2025-04-12 22:25:55,800 - PerplexitySASTAnalyzer - INFO - Analyzing batch 131/288 (4 files)...
2025-04-12 22:26:02,213 - PerplexitySASTAnalyzer - INFO - Analyzing batch 132/288 (4 files)...
2025-04-12 22:26:08,547 - PerplexitySASTAnalyzer - INFO - Analyzing batch 133/288 (4 files)...
2025-04-12 22:26:27,436 - PerplexitySASTAnalyzer - INFO - Analyzing batch 134/288 (4 files)...
2025-04-12 22:26:35,189 - PerplexitySASTAnalyzer - INFO - Analyzing batch 135/288 (4 files)...
2025-04-12 22:26:40,843 - PerplexitySASTAnalyzer - INFO - Analyzing batch 136/288 (4 files)...
2025-04-12 22:26:50,495 - PerplexitySASTAnalyzer - INFO - Analyzing batch 137/288 (4 files)...
2025-04-12 22:27:04,740 - PerplexitySASTAnalyzer - INFO - Analyzing batch 138/288 (4 files)...
2025-04-12 22:27:09,973 - PerplexitySASTAnalyzer - INFO - Analyzing batch 139/288 (4 files)...
2025-04-12 22:27:26,842 - PerplexitySASTAnalyzer - INFO - Analyzing batch 140/288 (4 files)...
2025-04-12 22:27:44,579 - PerplexitySASTAnalyzer - INFO - Analyzing batch 141/288 (4 files)...
2025-04-12 22:28:00,933 - PerplexitySASTAnalyzer - INFO - Analyzing batch 142/288 (4 files)...
2025-04-12 22:28:22,413 - PerplexitySASTAnalyzer - INFO - Analyzing batch 143/288 (4 files)...
2025-04-12 22:28:29,057 - PerplexitySASTAnalyzer - INFO - Analyzing batch 144/288 (4 files)...
2025-04-12 22:28:47,065 - PerplexitySASTAnalyzer - INFO - Analyzing batch 145/288 (4 files)...
2025-04-12 22:29:06,983 - PerplexitySASTAnalyzer - INFO - Analyzing batch 146/288 (4 files)...
2025-04-12 22:29:33,522 - PerplexitySASTAnalyzer - INFO - Analyzing batch 147/288 (4 files)...
2025-04-12 22:30:01,302 - PerplexitySASTAnalyzer - INFO - Analyzing batch 148/288 (4 files)...
2025-04-12 22:30:08,658 - PerplexitySASTAnalyzer - INFO - Analyzing batch 149/288 (4 files)...
2025-04-12 22:30:36,352 - PerplexitySASTAnalyzer - INFO - Analyzing batch 150/288 (4 files)...
2025-04-12 22:30:42,076 - PerplexitySASTAnalyzer - INFO - Analyzing batch 151/288 (4 files)...
2025-04-12 22:30:54,603 - PerplexitySASTAnalyzer - INFO - Analyzing batch 152/288 (4 files)...
2025-04-12 22:31:10,757 - PerplexitySASTAnalyzer - INFO - Analyzing batch 153/288 (4 files)...
2025-04-12 22:31:28,040 - PerplexitySASTAnalyzer - INFO - Analyzing batch 154/288 (4 files)...
2025-04-12 22:31:50,153 - PerplexitySASTAnalyzer - INFO - Analyzing batch 155/288 (4 files)...
2025-04-12 22:32:09,941 - PerplexitySASTAnalyzer - INFO - Analyzing batch 156/288 (4 files)...
2025-04-12 22:32:50,534 - PerplexitySASTAnalyzer - INFO - Analyzing batch 157/288 (4 files)...
2025-04-12 22:32:55,593 - PerplexitySASTAnalyzer - INFO - Analyzing batch 158/288 (4 files)...
2025-04-12 22:33:11,211 - PerplexitySASTAnalyzer - INFO - Analyzing batch 159/288 (4 files)...
2025-04-12 22:33:25,408 - PerplexitySASTAnalyzer - INFO - Analyzing batch 160/288 (4 files)...
2025-04-12 22:33:39,230 - PerplexitySASTAnalyzer - INFO - Analyzing batch 161/288 (4 files)...
2025-04-12 22:33:45,115 - PerplexitySASTAnalyzer - INFO - Analyzing batch 162/288 (4 files)...
2025-04-12 22:34:01,766 - PerplexitySASTAnalyzer - INFO - Analyzing batch 163/288 (4 files)...
2025-04-12 22:34:02,235 - PerplexitySASTAnalyzer - ERROR - Error making API request: 401 Client Error: Unauthorized for url: https://api.perplexity.ai/chat/completions
2025-04-12 22:34:03,235 - PerplexitySASTAnalyzer - INFO - Analyzing batch 164/288 (4 files)...
2025-04-12 22:34:03,723 - PerplexitySASTAnalyzer - ERROR - Error making API request: 401 Client Error: Unauthorized for url: https://api.perplexity.ai/chat/completions
2025-04-12 22:34:04,724 - PerplexitySASTAnalyzer - INFO - Analyzing batch 165/288 (4 files)...
2025-04-12 22:34:05,216 - PerplexitySASTAnalyzer - ERROR - Error making API request: 401 Client Error: Unauthorized for url: https://api.perplexity.ai/chat/completions
2025-04-12 22:34:06,217 - PerplexitySASTAnalyzer - INFO - Analyzing batch 166/288 (4 files)...
2025-04-12 22:34:18,698 - PerplexitySASTAnalyzer - INFO - Analyzing batch 167/288 (4 files)...
2025-04-12 22:34:19,138 - PerplexitySASTAnalyzer - ERROR - Error making API request: 401 Client Error: Unauthorized for url: https://api.perplexity.ai/chat/completions
2025-04-12 22:34:20,140 - PerplexitySASTAnalyzer - INFO - Analyzing batch 168/288 (4 files)...
2025-04-12 22:34:20,595 - PerplexitySASTAnalyzer - ERROR - Error making API request: 401 Client Error: Unauthorized for url: https://api.perplexity.ai/chat/completions
2025-04-12 22:34:21,595 - PerplexitySASTAnalyzer - INFO - Analyzing batch 169/288 (4 files)...
2025-04-12 22:34:22,120 - PerplexitySASTAnalyzer - ERROR - Error making API request: 401 Client Error: Unauthorized for url: https://api.perplexity.ai/chat/completions
2025-04-12 22:34:23,121 - PerplexitySASTAnalyzer - INFO - Analyzing batch 170/288 (4 files)...
2025-04-12 22:34:23,567 - PerplexitySASTAnalyzer - ERROR - Error making API request: 401 Client Error: Unauthorized for url: https://api.perplexity.ai/chat/completions
2025-04-12 22:34:24,568 - PerplexitySASTAnalyzer - INFO - Analyzing batch 171/288 (4 files)...
2025-04-12 22:34:25,016 - PerplexitySASTAnalyzer - ERROR - Error making API request: 401 Client Error: Unauthorized for url: https://api.perplexity.ai/chat/completions
2025-04-12 22:34:26,017 - PerplexitySASTAnalyzer - INFO - Analyzing batch 172/288 (4 files)...
2025-04-12 22:34:26,451 - PerplexitySASTAnalyzer - ERROR - Error making API request: 401 Client Error: Unauthorized for url: https://api.perplexity.ai/chat/completions
2025-04-12 22:34:27,452 - PerplexitySASTAnalyzer - INFO - Analyzing batch 173/288 (4 files)...
2025-04-12 22:34:27,916 - PerplexitySASTAnalyzer - ERROR - Error making API request: 401 Client Error: Unauthorized for url: https://api.perplexity.ai/chat/completions
2025-04-12 22:34:28,917 - PerplexitySASTAnalyzer - INFO - Analyzing batch 174/288 (4 files)...
2025-04-12 22:34:29,363 - PerplexitySASTAnalyzer - ERROR - Error making API request: 401 Client Error: Unauthorized for url: https://api.perplexity.ai/chat/completions
2025-04-12 22:34:30,364 - PerplexitySASTAnalyzer - INFO - Analyzing batch 175/288 (4 files)...
2025-04-12 22:34:30,789 - PerplexitySASTAnalyzer - ERROR - Error making API request: 401 Client Error: Unauthorized for url: https://api.perplexity.ai/chat/completions
2025-04-12 22:34:31,790 - PerplexitySASTAnalyzer - INFO - Analyzing batch 176/288 (4 files)...
2025-04-12 22:34:32,262 - PerplexitySASTAnalyzer - ERROR - Error making API request: 401 Client Error: Unauthorized for url: https://api.perplexity.ai/chat/completions
2025-04-12 22:34:33,263 - PerplexitySASTAnalyzer - INFO - Analyzing batch 177/288 (4 files)...
2025-04-12 22:34:33,776 - PerplexitySASTAnalyzer - ERROR - Error making API request: 401 Client Error: Unauthorized for url: https://api.perplexity.ai/chat/completions
2025-04-12 22:34:34,777 - PerplexitySASTAnalyzer - INFO - Analyzing batch 178/288 (4 files)...
2025-04-12 22:34:35,221 - PerplexitySASTAnalyzer - ERROR - Error making API request: 401 Client Error: Unauthorized for url: https://api.perplexity.ai/chat/completions
2025-04-12 22:34:36,221 - PerplexitySASTAnalyzer - INFO - Analyzing batch 179/288 (4 files)...
2025-04-12 22:34:36,666 - PerplexitySASTAnalyzer - ERROR - Error making API request: 401 Client Error: Unauthorized for url: https://api.perplexity.ai/chat/completions
2025-04-12 22:34:37,667 - PerplexitySASTAnalyzer - INFO - Analyzing batch 180/288 (4 files)...
2025-04-12 22:34:38,110 - PerplexitySASTAnalyzer - ERROR - Error making API request: 401 Client Error: Unauthorized for url: https://api.perplexity.ai/chat/completions
2025-04-12 22:34:39,112 - PerplexitySASTAnalyzer - INFO - Analyzing batch 181/288 (4 files)...
2025-04-12 22:34:39,556 - PerplexitySASTAnalyzer - ERROR - Error making API request: 401 Client Error: Unauthorized for url: https://api.perplexity.ai/chat/completions
2025-04-12 22:34:40,557 - PerplexitySASTAnalyzer - INFO - Analyzing batch 182/288 (4 files)...
2025-04-12 22:34:41,017 - PerplexitySASTAnalyzer - ERROR - Error making API request: 401 Client Error: Unauthorized for url: https://api.perplexity.ai/chat/completions
2025-04-12 22:34:42,018 - PerplexitySASTAnalyzer - INFO - Analyzing batch 183/288 (4 files)...
2025-04-12 22:34:42,635 - PerplexitySASTAnalyzer - ERROR - Error making API request: 401 Client Error: Unauthorized for url: https://api.perplexity.ai/chat/completions
2025-04-12 22:34:43,636 - PerplexitySASTAnalyzer - INFO - Analyzing batch 184/288 (4 files)...
2025-04-12 22:34:44,077 - PerplexitySASTAnalyzer - ERROR - Error making API request: 401 Client Error: Unauthorized for url: https://api.perplexity.ai/chat/completions
2025-04-12 22:34:45,078 - PerplexitySASTAnalyzer - INFO - Analyzing batch 185/288 (4 files)...
2025-04-12 22:34:45,510 - PerplexitySASTAnalyzer - ERROR - Error making API request: 401 Client Error: Unauthorized for url: https://api.perplexity.ai/chat/completions
2025-04-12 22:34:46,511 - PerplexitySASTAnalyzer - INFO - Analyzing batch 186/288 (4 files)...
2025-04-12 22:34:46,947 - PerplexitySASTAnalyzer - ERROR - Error making API request: 401 Client Error: Unauthorized for url: https://api.perplexity.ai/chat/completions
2025-04-12 22:34:47,948 - PerplexitySASTAnalyzer - INFO - Analyzing batch 187/288 (4 files)...
2025-04-12 22:34:48,392 - PerplexitySASTAnalyzer - ERROR - Error making API request: 401 Client Error: Unauthorized for url: https://api.perplexity.ai/chat/completions
2025-04-12 22:34:49,393 - PerplexitySASTAnalyzer - INFO - Analyzing batch 188/288 (4 files)...
2025-04-12 22:34:49,827 - PerplexitySASTAnalyzer - ERROR - Error making API request: 401 Client Error: Unauthorized for url: https://api.perplexity.ai/chat/completions
2025-04-12 22:34:50,828 - PerplexitySASTAnalyzer - INFO - Analyzing batch 189/288 (4 files)...
2025-04-12 22:34:51,457 - PerplexitySASTAnalyzer - ERROR - Error making API request: 401 Client Error: Unauthorized for url: https://api.perplexity.ai/chat/completions
2025-04-12 22:34:52,458 - PerplexitySASTAnalyzer - INFO - Analyzing batch 190/288 (4 files)...
2025-04-12 22:34:52,914 - PerplexitySASTAnalyzer - ERROR - Error making API request: 401 Client Error: Unauthorized for url: https://api.perplexity.ai/chat/completions
2025-04-12 22:34:53,915 - PerplexitySASTAnalyzer - INFO - Analyzing batch 191/288 (4 files)...
2025-04-12 22:34:54,413 - PerplexitySASTAnalyzer - ERROR - Error making API request: 401 Client Error: Unauthorized for url: https://api.perplexity.ai/chat/completions
2025-04-12 22:34:55,414 - PerplexitySASTAnalyzer - INFO - Analyzing batch 192/288 (4 files)...
2025-04-12 22:34:55,855 - PerplexitySASTAnalyzer - ERROR - Error making API request: 401 Client Error: Unauthorized for url: https://api.perplexity.ai/chat/completions
2025-04-12 22:34:56,856 - PerplexitySASTAnalyzer - INFO - Analyzing batch 193/288 (4 files)...
2025-04-12 22:34:57,326 - PerplexitySASTAnalyzer - ERROR - Error making API request: 401 Client Error: Unauthorized for url: https://api.perplexity.ai/chat/completions
2025-04-12 22:34:58,327 - PerplexitySASTAnalyzer - INFO - Analyzing batch 194/288 (4 files)...
2025-04-12 22:34:58,955 - PerplexitySASTAnalyzer - ERROR - Error making API request: 401 Client Error: Unauthorized for url: https://api.perplexity.ai/chat/completions
2025-04-12 22:34:59,956 - PerplexitySASTAnalyzer - INFO - Analyzing batch 195/288 (4 files)...
2025-04-12 22:35:00,390 - PerplexitySASTAnalyzer - ERROR - Error making API request: 401 Client Error: Unauthorized for url: https://api.perplexity.ai/chat/completions
2025-04-12 22:35:01,390 - PerplexitySASTAnalyzer - INFO - Analyzing batch 196/288 (4 files)...
2025-04-12 22:35:01,831 - PerplexitySASTAnalyzer - ERROR - Error making API request: 401 Client Error: Unauthorized for url: https://api.perplexity.ai/chat/completions
2025-04-12 22:35:02,831 - PerplexitySASTAnalyzer - INFO - Analyzing batch 197/288 (4 files)...
2025-04-12 22:35:03,263 - PerplexitySASTAnalyzer - ERROR - Error making API request: 401 Client Error: Unauthorized for url: https://api.perplexity.ai/chat/completions
2025-04-12 22:35:04,264 - PerplexitySASTAnalyzer - INFO - Analyzing batch 198/288 (4 files)...
2025-04-12 22:35:04,762 - PerplexitySASTAnalyzer - ERROR - Error making API request: 401 Client Error: Unauthorized for url: https://api.perplexity.ai/chat/completions
2025-04-12 22:35:05,763 - PerplexitySASTAnalyzer - INFO - Analyzing batch 199/288 (4 files)...
2025-04-12 22:35:06,215 - PerplexitySASTAnalyzer - ERROR - Error making API request: 401 Client Error: Unauthorized for url: https://api.perplexity.ai/chat/completions
2025-04-12 22:35:07,215 - PerplexitySASTAnalyzer - INFO - Analyzing batch 200/288 (4 files)...
2025-04-12 22:35:07,652 - PerplexitySASTAnalyzer - ERROR - Error making API request: 401 Client Error: Unauthorized for url: https://api.perplexity.ai/chat/completions
2025-04-12 22:35:08,653 - PerplexitySASTAnalyzer - INFO - Analyzing batch 201/288 (4 files)...
2025-04-12 22:35:09,123 - PerplexitySASTAnalyzer - ERROR - Error making API request: 401 Client Error: Unauthorized for url: https://api.perplexity.ai/chat/completions
2025-04-12 22:35:10,124 - PerplexitySASTAnalyzer - INFO - Analyzing batch 202/288 (4 files)...
2025-04-12 22:35:10,564 - PerplexitySASTAnalyzer - ERROR - Error making API request: 401 Client Error: Unauthorized for url: https://api.perplexity.ai/chat/completions
2025-04-12 22:35:11,565 - PerplexitySASTAnalyzer - INFO - Analyzing batch 203/288 (4 files)...
2025-04-12 22:35:12,005 - PerplexitySASTAnalyzer - ERROR - Error making API request: 401 Client Error: Unauthorized for url: https://api.perplexity.ai/chat/completions
2025-04-12 22:35:13,006 - PerplexitySASTAnalyzer - INFO - Analyzing batch 204/288 (4 files)...
2025-04-12 22:35:13,441 - PerplexitySASTAnalyzer - ERROR - Error making API request: 401 Client Error: Unauthorized for url: https://api.perplexity.ai/chat/completions
2025-04-12 22:35:14,442 - PerplexitySASTAnalyzer - INFO - Analyzing batch 205/288 (4 files)...
2025-04-12 22:35:14,892 - PerplexitySASTAnalyzer - ERROR - Error making API request: 401 Client Error: Unauthorized for url: https://api.perplexity.ai/chat/completions
2025-04-12 22:35:15,892 - PerplexitySASTAnalyzer - INFO - Analyzing batch 206/288 (4 files)...
2025-04-12 22:35:16,294 - PerplexitySASTAnalyzer - ERROR - Error making API request: 401 Client Error: Unauthorized for url: https://api.perplexity.ai/chat/completions
2025-04-12 22:35:17,294 - PerplexitySASTAnalyzer - INFO - Analyzing batch 207/288 (4 files)...
2025-04-12 22:35:17,699 - PerplexitySASTAnalyzer - ERROR - Error making API request: 401 Client Error: Unauthorized for url: https://api.perplexity.ai/chat/completions
2025-04-12 22:35:18,699 - PerplexitySASTAnalyzer - INFO - Analyzing batch 208/288 (4 files)...
2025-04-12 22:35:19,133 - PerplexitySASTAnalyzer - ERROR - Error making API request: 401 Client Error: Unauthorized for url: https://api.perplexity.ai/chat/completions
2025-04-12 22:35:20,134 - PerplexitySASTAnalyzer - INFO - Analyzing batch 209/288 (4 files)...
2025-04-12 22:35:20,570 - PerplexitySASTAnalyzer - ERROR - Error making API request: 401 Client Error: Unauthorized for url: https://api.perplexity.ai/chat/completions
2025-04-12 22:35:21,571 - PerplexitySASTAnalyzer - INFO - Analyzing batch 210/288 (4 files)...
2025-04-12 22:35:21,996 - PerplexitySASTAnalyzer - ERROR - Error making API request: 401 Client Error: Unauthorized for url: https://api.perplexity.ai/chat/completions
2025-04-12 22:35:22,997 - PerplexitySASTAnalyzer - INFO - Analyzing batch 211/288 (4 files)...
2025-04-12 22:35:23,420 - PerplexitySASTAnalyzer - ERROR - Error making API request: 401 Client Error: Unauthorized for url: https://api.perplexity.ai/chat/completions
2025-04-12 22:35:24,421 - PerplexitySASTAnalyzer - INFO - Analyzing batch 212/288 (4 files)...
2025-04-12 22:35:24,843 - PerplexitySASTAnalyzer - ERROR - Error making API request: 401 Client Error: Unauthorized for url: https://api.perplexity.ai/chat/completions
2025-04-12 22:35:25,844 - PerplexitySASTAnalyzer - INFO - Analyzing batch 213/288 (4 files)...
2025-04-12 22:35:26,287 - PerplexitySASTAnalyzer - ERROR - Error making API request: 401 Client Error: Unauthorized for url: https://api.perplexity.ai/chat/completions
2025-04-12 22:35:27,288 - PerplexitySASTAnalyzer - INFO - Analyzing batch 214/288 (4 files)...
2025-04-12 22:35:27,722 - PerplexitySASTAnalyzer - ERROR - Error making API request: 401 Client Error: Unauthorized for url: https://api.perplexity.ai/chat/completions
2025-04-12 22:35:28,723 - PerplexitySASTAnalyzer - INFO - Analyzing batch 215/288 (4 files)...
2025-04-12 22:35:29,155 - PerplexitySASTAnalyzer - ERROR - Error making API request: 401 Client Error: Unauthorized for url: https://api.perplexity.ai/chat/completions
2025-04-12 22:35:30,155 - PerplexitySASTAnalyzer - INFO - Analyzing batch 216/288 (4 files)...
2025-04-12 22:35:30,590 - PerplexitySASTAnalyzer - ERROR - Error making API request: 401 Client Error: Unauthorized for url: https://api.perplexity.ai/chat/completions
2025-04-12 22:35:31,591 - PerplexitySASTAnalyzer - INFO - Analyzing batch 217/288 (4 files)...
2025-04-12 22:35:32,059 - PerplexitySASTAnalyzer - ERROR - Error making API request: 401 Client Error: Unauthorized for url: https://api.perplexity.ai/chat/completions
2025-04-12 22:35:33,060 - PerplexitySASTAnalyzer - INFO - Analyzing batch 218/288 (4 files)...
2025-04-12 22:35:33,577 - PerplexitySASTAnalyzer - ERROR - Error making API request: 401 Client Error: Unauthorized for url: https://api.perplexity.ai/chat/completions
2025-04-12 22:35:34,578 - PerplexitySASTAnalyzer - INFO - Analyzing batch 219/288 (4 files)...
2025-04-12 22:35:34,986 - PerplexitySASTAnalyzer - ERROR - Error making API request: 401 Client Error: Unauthorized for url: https://api.perplexity.ai/chat/completions
2025-04-12 22:35:35,987 - PerplexitySASTAnalyzer - INFO - Analyzing batch 220/288 (4 files)...
2025-04-12 22:35:36,402 - PerplexitySASTAnalyzer - ERROR - Error making API request: 401 Client Error: Unauthorized for url: https://api.perplexity.ai/chat/completions
2025-04-12 22:35:37,403 - PerplexitySASTAnalyzer - INFO - Analyzing batch 221/288 (4 files)...
2025-04-12 22:35:37,857 - PerplexitySASTAnalyzer - ERROR - Error making API request: 401 Client Error: Unauthorized for url: https://api.perplexity.ai/chat/completions
2025-04-12 22:35:38,858 - PerplexitySASTAnalyzer - INFO - Analyzing batch 222/288 (4 files)...
2025-04-12 22:35:39,307 - PerplexitySASTAnalyzer - ERROR - Error making API request: 401 Client Error: Unauthorized for url: https://api.perplexity.ai/chat/completions
2025-04-12 22:35:40,307 - PerplexitySASTAnalyzer - INFO - Analyzing batch 223/288 (4 files)...
2025-04-12 22:35:40,717 - PerplexitySASTAnalyzer - ERROR - Error making API request: 401 Client Error: Unauthorized for url: https://api.perplexity.ai/chat/completions
2025-04-12 22:35:41,717 - PerplexitySASTAnalyzer - INFO - Analyzing batch 224/288 (4 files)...
2025-04-12 22:35:42,101 - PerplexitySASTAnalyzer - ERROR - Error making API request: 401 Client Error: Unauthorized for url: https://api.perplexity.ai/chat/completions
2025-04-12 22:35:43,102 - PerplexitySASTAnalyzer - INFO - Analyzing batch 225/288 (4 files)...
2025-04-12 22:35:43,513 - PerplexitySASTAnalyzer - ERROR - Error making API request: 401 Client Error: Unauthorized for url: https://api.perplexity.ai/chat/completions
2025-04-12 22:35:44,514 - PerplexitySASTAnalyzer - INFO - Analyzing batch 226/288 (4 files)...
2025-04-12 22:35:44,981 - PerplexitySASTAnalyzer - ERROR - Error making API request: 401 Client Error: Unauthorized for url: https://api.perplexity.ai/chat/completions
2025-04-12 22:35:45,982 - PerplexitySASTAnalyzer - INFO - Analyzing batch 227/288 (4 files)...
2025-04-12 22:35:46,418 - PerplexitySASTAnalyzer - ERROR - Error making API request: 401 Client Error: Unauthorized for url: https://api.perplexity.ai/chat/completions
2025-04-12 22:35:47,419 - PerplexitySASTAnalyzer - INFO - Analyzing batch 228/288 (4 files)...
2025-04-12 22:35:47,856 - PerplexitySASTAnalyzer - ERROR - Error making API request: 401 Client Error: Unauthorized for url: https://api.perplexity.ai/chat/completions
2025-04-12 22:35:48,857 - PerplexitySASTAnalyzer - INFO - Analyzing batch 229/288 (4 files)...
2025-04-12 22:35:49,307 - PerplexitySASTAnalyzer - ERROR - Error making API request: 401 Client Error: Unauthorized for url: https://api.perplexity.ai/chat/completions
2025-04-12 22:35:50,308 - PerplexitySASTAnalyzer - INFO - Analyzing batch 230/288 (4 files)...
2025-04-12 22:35:50,768 - PerplexitySASTAnalyzer - ERROR - Error making API request: 401 Client Error: Unauthorized for url: https://api.perplexity.ai/chat/completions
2025-04-12 22:35:51,769 - PerplexitySASTAnalyzer - INFO - Analyzing batch 231/288 (4 files)...
2025-04-12 22:35:52,202 - PerplexitySASTAnalyzer - ERROR - Error making API request: 401 Client Error: Unauthorized for url: https://api.perplexity.ai/chat/completions
2025-04-12 22:35:53,203 - PerplexitySASTAnalyzer - INFO - Analyzing batch 232/288 (4 files)...
2025-04-12 22:35:53,628 - PerplexitySASTAnalyzer - ERROR - Error making API request: 401 Client Error: Unauthorized for url: https://api.perplexity.ai/chat/completions
2025-04-12 22:35:54,630 - PerplexitySASTAnalyzer - INFO - Analyzing batch 233/288 (4 files)...
2025-04-12 22:35:55,038 - PerplexitySASTAnalyzer - ERROR - Error making API request: 401 Client Error: Unauthorized for url: https://api.perplexity.ai/chat/completions
2025-04-12 22:35:56,038 - PerplexitySASTAnalyzer - INFO - Analyzing batch 234/288 (4 files)...
2025-04-12 22:35:56,458 - PerplexitySASTAnalyzer - ERROR - Error making API request: 401 Client Error: Unauthorized for url: https://api.perplexity.ai/chat/completions
2025-04-12 22:35:57,459 - PerplexitySASTAnalyzer - INFO - Analyzing batch 235/288 (4 files)...
2025-04-12 22:35:57,942 - PerplexitySASTAnalyzer - ERROR - Error making API request: 401 Client Error: Unauthorized for url: https://api.perplexity.ai/chat/completions
2025-04-12 22:35:58,943 - PerplexitySASTAnalyzer - INFO - Analyzing batch 236/288 (4 files)...
2025-04-12 22:35:59,348 - PerplexitySASTAnalyzer - ERROR - Error making API request: 401 Client Error: Unauthorized for url: https://api.perplexity.ai/chat/completions
2025-04-12 22:36:00,349 - PerplexitySASTAnalyzer - INFO - Analyzing batch 237/288 (4 files)...
2025-04-12 22:36:00,768 - PerplexitySASTAnalyzer - ERROR - Error making API request: 401 Client Error: Unauthorized for url: https://api.perplexity.ai/chat/completions
2025-04-12 22:36:01,769 - PerplexitySASTAnalyzer - INFO - Analyzing batch 238/288 (4 files)...
2025-04-12 22:36:02,191 - PerplexitySASTAnalyzer - ERROR - Error making API request: 401 Client Error: Unauthorized for url: https://api.perplexity.ai/chat/completions
2025-04-12 22:36:03,192 - PerplexitySASTAnalyzer - INFO - Analyzing batch 239/288 (4 files)...
2025-04-12 22:36:03,631 - PerplexitySASTAnalyzer - ERROR - Error making API request: 401 Client Error: Unauthorized for url: https://api.perplexity.ai/chat/completions
2025-04-12 22:36:04,631 - PerplexitySASTAnalyzer - INFO - Analyzing batch 240/288 (4 files)...
2025-04-12 22:36:05,076 - PerplexitySASTAnalyzer - ERROR - Error making API request: 401 Client Error: Unauthorized for url: https://api.perplexity.ai/chat/completions
2025-04-12 22:36:06,077 - PerplexitySASTAnalyzer - INFO - Analyzing batch 241/288 (4 files)...
2025-04-12 22:36:06,485 - PerplexitySASTAnalyzer - ERROR - Error making API request: 401 Client Error: Unauthorized for url: https://api.perplexity.ai/chat/completions
2025-04-12 22:36:07,486 - PerplexitySASTAnalyzer - INFO - Analyzing batch 242/288 (4 files)...
2025-04-12 22:36:07,937 - PerplexitySASTAnalyzer - ERROR - Error making API request: 401 Client Error: Unauthorized for url: https://api.perplexity.ai/chat/completions
2025-04-12 22:36:08,938 - PerplexitySASTAnalyzer - INFO - Analyzing batch 243/288 (4 files)...
2025-04-12 22:36:09,435 - PerplexitySASTAnalyzer - ERROR - Error making API request: 401 Client Error: Unauthorized for url: https://api.perplexity.ai/chat/completions
2025-04-12 22:36:10,435 - PerplexitySASTAnalyzer - INFO - Analyzing batch 244/288 (4 files)...
2025-04-12 22:36:10,856 - PerplexitySASTAnalyzer - ERROR - Error making API request: 401 Client Error: Unauthorized for url: https://api.perplexity.ai/chat/completions
2025-04-12 22:36:11,857 - PerplexitySASTAnalyzer - INFO - Analyzing batch 245/288 (4 files)...
2025-04-12 22:36:12,253 - PerplexitySASTAnalyzer - ERROR - Error making API request: 401 Client Error: Unauthorized for url: https://api.perplexity.ai/chat/completions
2025-04-12 22:36:13,254 - PerplexitySASTAnalyzer - INFO - Analyzing batch 246/288 (4 files)...
2025-04-12 22:36:13,650 - PerplexitySASTAnalyzer - ERROR - Error making API request: 401 Client Error: Unauthorized for url: https://api.perplexity.ai/chat/completions
2025-04-12 22:36:14,650 - PerplexitySASTAnalyzer - INFO - Analyzing batch 247/288 (4 files)...
2025-04-12 22:36:15,071 - PerplexitySASTAnalyzer - ERROR - Error making API request: 401 Client Error: Unauthorized for url: https://api.perplexity.ai/chat/completions
2025-04-12 22:36:16,072 - PerplexitySASTAnalyzer - INFO - Analyzing batch 248/288 (4 files)...
2025-04-12 22:36:16,469 - PerplexitySASTAnalyzer - ERROR - Error making API request: 401 Client Error: Unauthorized for url: https://api.perplexity.ai/chat/completions
2025-04-12 22:36:17,470 - PerplexitySASTAnalyzer - INFO - Analyzing batch 249/288 (4 files)...
2025-04-12 22:36:17,884 - PerplexitySASTAnalyzer - ERROR - Error making API request: 401 Client Error: Unauthorized for url: https://api.perplexity.ai/chat/completions
2025-04-12 22:36:18,885 - PerplexitySASTAnalyzer - INFO - Analyzing batch 250/288 (4 files)...
2025-04-12 22:36:36,432 - PerplexitySASTAnalyzer - INFO - Analyzing batch 251/288 (4 files)...
2025-04-12 22:36:52,208 - PerplexitySASTAnalyzer - INFO - Analyzing batch 252/288 (4 files)...
2025-04-12 22:37:07,827 - PerplexitySASTAnalyzer - INFO - Analyzing batch 253/288 (4 files)...
2025-04-12 22:37:21,166 - PerplexitySASTAnalyzer - INFO - Analyzing batch 254/288 (4 files)...
2025-04-12 22:37:33,336 - PerplexitySASTAnalyzer - INFO - Analyzing batch 255/288 (4 files)...
2025-04-12 22:37:49,355 - PerplexitySASTAnalyzer - INFO - Analyzing batch 256/288 (4 files)...
2025-04-12 22:37:56,930 - PerplexitySASTAnalyzer - INFO - Analyzing batch 257/288 (4 files)...
2025-04-12 22:38:02,493 - PerplexitySASTAnalyzer - INFO - Analyzing batch 258/288 (4 files)...
2025-04-12 22:38:15,480 - PerplexitySASTAnalyzer - INFO - Analyzing batch 259/288 (4 files)...
2025-04-12 22:38:22,780 - PerplexitySASTAnalyzer - INFO - Analyzing batch 260/288 (4 files)...
2025-04-12 22:38:30,102 - PerplexitySASTAnalyzer - INFO - Analyzing batch 261/288 (4 files)...
2025-04-12 22:38:35,691 - PerplexitySASTAnalyzer - INFO - Analyzing batch 262/288 (4 files)...
2025-04-12 22:38:51,544 - PerplexitySASTAnalyzer - INFO - Analyzing batch 263/288 (4 files)...
2025-04-12 22:39:08,201 - PerplexitySASTAnalyzer - INFO - Analyzing batch 264/288 (4 files)...
2025-04-12 22:39:22,865 - PerplexitySASTAnalyzer - INFO - Analyzing batch 265/288 (4 files)...
2025-04-12 22:39:51,778 - PerplexitySASTAnalyzer - INFO - Analyzing batch 266/288 (4 files)...
2025-04-12 22:40:05,828 - PerplexitySASTAnalyzer - INFO - Analyzing batch 267/288 (4 files)...
2025-04-12 22:40:23,459 - PerplexitySASTAnalyzer - INFO - Analyzing batch 268/288 (4 files)...
2025-04-12 22:40:39,828 - PerplexitySASTAnalyzer - INFO - Analyzing batch 269/288 (4 files)...
2025-04-12 22:40:45,843 - PerplexitySASTAnalyzer - INFO - Analyzing batch 270/288 (4 files)...
2025-04-12 22:41:01,994 - PerplexitySASTAnalyzer - INFO - Analyzing batch 271/288 (4 files)...
2025-04-12 22:41:08,504 - PerplexitySASTAnalyzer - INFO - Analyzing batch 272/288 (4 files)...
2025-04-12 22:41:28,590 - PerplexitySASTAnalyzer - INFO - Analyzing batch 273/288 (4 files)...
2025-04-12 22:41:42,036 - PerplexitySASTAnalyzer - INFO - Analyzing batch 274/288 (4 files)...
2025-04-12 22:41:49,608 - PerplexitySASTAnalyzer - INFO - Analyzing batch 275/288 (4 files)...
2025-04-12 22:42:02,907 - PerplexitySASTAnalyzer - INFO - Analyzing batch 276/288 (4 files)...
2025-04-12 22:42:18,188 - PerplexitySASTAnalyzer - INFO - Analyzing batch 277/288 (4 files)...
2025-04-12 22:42:33,533 - PerplexitySASTAnalyzer - INFO - Analyzing batch 278/288 (4 files)...
2025-04-12 22:42:52,212 - PerplexitySASTAnalyzer - INFO - Analyzing batch 279/288 (4 files)...
2025-04-12 22:43:00,837 - PerplexitySASTAnalyzer - INFO - Analyzing batch 280/288 (4 files)...
2025-04-12 22:43:12,467 - PerplexitySASTAnalyzer - INFO - Analyzing batch 281/288 (4 files)...
2025-04-12 22:43:19,564 - PerplexitySASTAnalyzer - INFO - Analyzing batch 282/288 (4 files)...
2025-04-12 22:43:27,724 - PerplexitySASTAnalyzer - INFO - Analyzing batch 283/288 (4 files)...
2025-04-12 22:43:38,843 - PerplexitySASTAnalyzer - INFO - Analyzing batch 284/288 (4 files)...
2025-04-12 22:43:46,531 - PerplexitySASTAnalyzer - INFO - Analyzing batch 285/288 (4 files)...
2025-04-12 22:43:52,970 - PerplexitySASTAnalyzer - INFO - Analyzing batch 286/288 (4 files)...
2025-04-12 22:44:00,512 - PerplexitySASTAnalyzer - INFO - Analyzing batch 287/288 (4 files)...
2025-04-12 22:44:21,063 - PerplexitySASTAnalyzer - INFO - Analyzing batch 288/288 (1 files)...
2025-04-12 22:56:17,868 - PerplexitySASTAnalyzer - INFO - Found 10 code files to analyze.
2025-04-12 22:56:17,869 - PerplexitySASTAnalyzer - INFO - Grouped files into 3 batches for analysis.
2025-04-12 22:56:17,869 - PerplexitySASTAnalyzer - INFO - Analyzing batch 1/3 (4 files)...
2025-04-12 22:56:23,557 - PerplexitySASTAnalyzer - INFO - Analyzing batch 2/3 (4 files)...
2025-04-12 22:56:29,649 - PerplexitySASTAnalyzer - INFO - Analyzing batch 3/3 (2 files)...
2025-04-12 22:56:35,477 - PerplexitySASTAnalyzer - INFO - HTML report saved to C:\Users\User\Desktop\Work\AI_SAST_Code_Review\sast_reports\sast_report_20250412-225617.html
2025-04-12 22:56:35,477 - PerplexitySASTAnalyzer - INFO - JSON report saved to C:\Users\User\Desktop\Work\AI_SAST_Code_Review\sast_reports\sast_report_20250412-225617.json
2025-04-12 22:56:35,477 - PerplexitySASTAnalyzer - INFO - SAST analysis complete.
2025-04-12 23:00:16,314 - PerplexitySASTAnalyzer - INFO - Found 1 code files to analyze.
2025-04-12 23:00:16,314 - PerplexitySASTAnalyzer - INFO - Grouped files into 1 batches for analysis.
2025-04-12 23:00:16,314 - PerplexitySASTAnalyzer - INFO - Analyzing batch 1/1 (1 files)...
2025-04-12 23:00:20,789 - PerplexitySASTAnalyzer - INFO - HTML report saved to C:\Users\User\Desktop\Work\AI_SAST_Code_Review\sast_reports\sast_report_20250412-230016.html
2025-04-12 23:00:20,790 - PerplexitySASTAnalyzer - INFO - JSON report saved to C:\Users\User\Desktop\Work\AI_SAST_Code_Review\sast_reports\sast_report_20250412-230016.json
2025-04-12 23:00:20,790 - PerplexitySASTAnalyzer - INFO - SAST analysis complete.
