2025-04-15 22:09:36,753 - INFO - Found 14 files to analyze
2025-04-15 22:12:06,180 - INFO - Found 14 files to analyze
2025-04-15 22:12:28,852 - INFO - Found 14 files to analyze
2025-04-15 22:12:28,863 - INFO - Processing: .\LeakExploit_custom\app\src\main\AndroidManifest.xml
2025-04-15 22:12:28,863 - INFO - Processing: .\LeakExploit_custom\app\src\main\java\com\elearnsecurity\insecureactivitiesexploit\MainActivity.java
2025-04-15 22:12:28,864 - INFO - Processing: .\LeakExploit_custom\app\src\main\res\drawable\ic_launcher_background.xml
2025-04-15 22:12:28,864 - INFO - Processing: .\LeakExploit_custom\app\src\main\res\drawable\ic_launcher_foreground.xml
2025-04-15 22:12:33,728 - INFO - Completed analysis of .\LeakExploit_custom\app\src\main\res\drawable\ic_launcher_foreground.xml
2025-04-15 22:12:33,728 - INFO - Processing: .\LeakExploit_custom\app\src\main\res\layout\activity_main.xml
2025-04-15 22:12:33,729 - INFO - Progress: 1/14 files completed
2025-04-15 22:12:37,869 - INFO - Completed analysis of .\LeakExploit_custom\app\src\main\res\drawable\ic_launcher_background.xml
2025-04-15 22:12:37,869 - INFO - Processing: .\LeakExploit_custom\app\src\main\res\mipmap-anydpi-v26\ic_launcher.xml
2025-04-15 22:12:37,869 - INFO - Progress: 2/14 files completed
2025-04-15 22:12:53,681 - INFO - Completed analysis of .\LeakExploit_custom\app\src\main\java\com\elearnsecurity\insecureactivitiesexploit\MainActivity.java
2025-04-15 22:12:53,681 - INFO - Processing: .\LeakExploit_custom\app\src\main\res\mipmap-anydpi-v26\ic_launcher_round.xml
2025-04-15 22:12:53,681 - INFO - Progress: 3/14 files completed
2025-04-15 22:13:03,262 - INFO - Completed analysis of .\LeakExploit_custom\app\src\main\AndroidManifest.xml
2025-04-15 22:13:03,262 - INFO - Processing: .\LeakExploit_custom\app\src\main\res\values\colors.xml
2025-04-15 22:13:03,262 - INFO - Progress: 4/14 files completed
2025-04-15 22:13:14,079 - INFO - Completed analysis of .\LeakExploit_custom\app\src\main\res\layout\activity_main.xml
2025-04-15 22:13:14,079 - INFO - Processing: .\LeakExploit_custom\app\src\main\res\values\strings.xml
2025-04-15 22:13:14,079 - INFO - Progress: 5/14 files completed
2025-04-15 22:13:14,747 - INFO - Completed analysis of .\LeakExploit_custom\app\src\main\res\mipmap-anydpi-v26\ic_launcher.xml
2025-04-15 22:13:14,748 - INFO - Processing: .\LeakExploit_custom\app\src\main\res\values\styles.xml
2025-04-15 22:13:14,748 - INFO - Progress: 6/14 files completed
2025-04-15 22:13:15,171 - INFO - Completed analysis of .\LeakExploit_custom\app\src\main\res\mipmap-anydpi-v26\ic_launcher_round.xml
2025-04-15 22:13:15,171 - INFO - Processing: .\LeakExploit_custom\app\src\main\res\values\themes.xml
2025-04-15 22:13:15,171 - INFO - Progress: 7/14 files completed
2025-04-15 22:13:15,627 - INFO - Completed analysis of .\LeakExploit_custom\app\src\main\res\values\colors.xml
2025-04-15 22:13:15,627 - INFO - Processing: .\LeakExploit_custom\app\src\main\res\values-night\themes.xml
2025-04-15 22:13:15,627 - INFO - Progress: 8/14 files completed
2025-04-15 22:13:16,617 - INFO - Completed analysis of .\LeakExploit_custom\app\src\main\res\values\strings.xml
2025-04-15 22:13:16,618 - INFO - Processing: .\LeakExploit_custom\app\src\main\res\xml\backup_rules.xml
2025-04-15 22:13:16,618 - INFO - Progress: 9/14 files completed
2025-04-15 22:13:17,270 - INFO - Completed analysis of .\LeakExploit_custom\app\src\main\res\values\styles.xml
2025-04-15 22:13:17,271 - INFO - Processing: .\LeakExploit_custom\app\src\main\res\xml\data_extraction_rules.xml
2025-04-15 22:13:17,271 - INFO - Progress: 10/14 files completed
2025-04-15 22:13:31,675 - INFO - Completed analysis of .\LeakExploit_custom\app\src\main\res\values\themes.xml
2025-04-15 22:13:31,676 - INFO - Progress: 11/14 files completed
2025-04-15 22:13:44,842 - INFO - Completed analysis of .\LeakExploit_custom\app\src\main\res\values-night\themes.xml
2025-04-15 22:13:44,843 - INFO - Progress: 12/14 files completed
2025-04-15 22:13:57,095 - INFO - Completed analysis of .\LeakExploit_custom\app\src\main\res\xml\backup_rules.xml
2025-04-15 22:13:57,095 - INFO - Progress: 13/14 files completed
2025-04-15 22:14:13,315 - INFO - Completed analysis of .\LeakExploit_custom\app\src\main\res\xml\data_extraction_rules.xml
2025-04-15 22:14:13,315 - INFO - Progress: 14/14 files completed
2025-04-15 22:14:13,315 - INFO - Analysis complete. Results written to sast_results.md
